[0m11:25:55.990666 [debug] [MainThread]: Sending event: {'category': 'dbt', 'action': 'invocation', 'label': 'start', 'context': [<snowplow_tracker.self_describing_json.SelfDescribingJson object at 0x0000022B0E89A850>, <snowplow_tracker.self_describing_json.SelfDescribingJson object at 0x0000022B0E43A1D0>, <snowplow_tracker.self_describing_json.SelfDescribingJson object at 0x0000022B0E12C1D0>]}


============================== 11:25:56.004189 | 1ad4800b-7cbd-43c3-8823-a46d287ca363 ==============================
[0m11:25:56.004189 [info ] [MainThread]: Running with dbt=1.7.1
[0m11:25:56.005281 [debug] [MainThread]: running dbt with arguments {'printer_width': '80', 'indirect_selection': 'eager', 'log_cache_events': 'False', 'write_json': 'True', 'partial_parse': 'True', 'cache_selected_only': 'False', 'profiles_dir': 'C:\\Users\\nikit\\.dbt', 'debug': 'False', 'warn_error': 'None', 'log_path': 'logs', 'version_check': 'True', 'fail_fast': 'False', 'use_colors': 'True', 'use_experimental_parser': 'False', 'no_print': 'None', 'quiet': 'False', 'warn_error_options': 'WarnErrorOptions(include=[], exclude=[])', 'static_parser': 'True', 'invocation_command': 'dbt init dbt_hol', 'introspect': 'True', 'target_path': 'None', 'log_format': 'default', 'send_anonymous_usage_stats': 'True'}
[0m11:25:56.006280 [debug] [MainThread]: Starter project path: C:\Users\nikit\AppData\Local\Programs\Python\Python311\Lib\site-packages\dbt\include\starter_project
[0m11:25:56.019475 [info ] [MainThread]: 
Your new dbt project "dbt_hol" was created!

For more information on how to configure the profiles.yml file,
please consult the dbt documentation here:

  https://docs.getdbt.com/docs/configure-your-profile

One more thing:

Need help? Don't hesitate to reach out to us via GitHub issues or on Slack:

  https://community.getdbt.com/

Happy modeling!

[0m11:25:56.021504 [info ] [MainThread]: Setting up your profile.
[0m11:26:09.384820 [error] [MainThread]: Encountered an error:

[0m11:26:09.407853 [error] [MainThread]: Traceback (most recent call last):
  File "C:\Users\nikit\AppData\Local\Programs\Python\Python311\Lib\site-packages\dbt\cli\requires.py", line 90, in wrapper
    result, success = func(*args, **kwargs)
                      ^^^^^^^^^^^^^^^^^^^^^
  File "C:\Users\nikit\AppData\Local\Programs\Python\Python311\Lib\site-packages\dbt\cli\requires.py", line 75, in wrapper
    return func(*args, **kwargs)
           ^^^^^^^^^^^^^^^^^^^^^
  File "C:\Users\nikit\AppData\Local\Programs\Python\Python311\Lib\site-packages\dbt\cli\main.py", line 515, in init
    results = task.run()
              ^^^^^^^^^^
  File "C:\Users\nikit\AppData\Local\Programs\Python\Python311\Lib\site-packages\dbt\task\init.py", line 344, in run
    self.setup_profile(profile_name)
  File "C:\Users\nikit\AppData\Local\Programs\Python\Python311\Lib\site-packages\dbt\task\init.py", line 263, in setup_profile
    adapter = self.ask_for_adapter_choice()
              ^^^^^^^^^^^^^^^^^^^^^^^^^^^^^
  File "C:\Users\nikit\AppData\Local\Programs\Python\Python311\Lib\site-packages\dbt\task\init.py", line 244, in ask_for_adapter_choice
    numeric_choice = click.prompt(prompt_msg, type=click.INT)
                     ^^^^^^^^^^^^^^^^^^^^^^^^^^^^^^^^^^^^^^^^
  File "C:\Users\nikit\AppData\Local\Programs\Python\Python311\Lib\site-packages\click\termui.py", line 164, in prompt
    value = prompt_func(prompt)
            ^^^^^^^^^^^^^^^^^^^
  File "C:\Users\nikit\AppData\Local\Programs\Python\Python311\Lib\site-packages\click\termui.py", line 147, in prompt_func
    raise Abort() from None
click.exceptions.Abort

[0m11:26:09.410850 [debug] [MainThread]: Command `dbt init` failed at 11:26:09.410850 after 13.47 seconds
[0m11:26:09.410850 [debug] [MainThread]: Sending event: {'category': 'dbt', 'action': 'invocation', 'label': 'end', 'context': [<snowplow_tracker.self_describing_json.SelfDescribingJson object at 0x0000022B0E3C0710>, <snowplow_tracker.self_describing_json.SelfDescribingJson object at 0x0000022B0E109B50>, <snowplow_tracker.self_describing_json.SelfDescribingJson object at 0x0000022B0E3EE1D0>]}
[0m11:26:09.411850 [debug] [MainThread]: Flushing usage events
[0m18:09:47.002401 [debug] [MainThread]: Sending event: {'category': 'dbt', 'action': 'invocation', 'label': 'start', 'context': [<snowplow_tracker.self_describing_json.SelfDescribingJson object at 0x0000025F50909B90>, <snowplow_tracker.self_describing_json.SelfDescribingJson object at 0x0000025F504BB990>, <snowplow_tracker.self_describing_json.SelfDescribingJson object at 0x0000025F5037E8D0>]}


============================== 18:09:47.002401 | 02d7ef7b-f50c-4249-80e7-4b59a91befb1 ==============================
[0m18:09:47.002401 [info ] [MainThread]: Running with dbt=1.7.1
[0m18:09:47.002401 [debug] [MainThread]: running dbt with arguments {'printer_width': '80', 'indirect_selection': 'eager', 'write_json': 'True', 'log_cache_events': 'False', 'partial_parse': 'True', 'cache_selected_only': 'False', 'profiles_dir': 'C:\\Users\\nikit\\.dbt', 'fail_fast': 'False', 'debug': 'False', 'log_path': 'logs', 'warn_error': 'None', 'version_check': 'True', 'use_colors': 'True', 'use_experimental_parser': 'False', 'no_print': 'None', 'quiet': 'False', 'warn_error_options': 'WarnErrorOptions(include=[], exclude=[])', 'introspect': 'True', 'log_format': 'default', 'static_parser': 'True', 'target_path': 'None', 'invocation_command': 'dbt run', 'send_anonymous_usage_stats': 'True'}
[0m18:09:47.002401 [error] [MainThread]: Encountered an error:
Runtime Error
  No dbt_project.yml found at expected path C:\git_projects\dbt-project\dbt_project.yml
  Verify that each entry within packages.yml (and their transitive dependencies) contains a file named dbt_project.yml
  
[0m18:09:47.002401 [debug] [MainThread]: Command `dbt run` failed at 18:09:47.002401 after 0.05 seconds
[0m18:09:47.002401 [debug] [MainThread]: Sending event: {'category': 'dbt', 'action': 'invocation', 'label': 'end', 'context': [<snowplow_tracker.self_describing_json.SelfDescribingJson object at 0x0000025F5042BC50>, <snowplow_tracker.self_describing_json.SelfDescribingJson object at 0x0000025F50459350>, <snowplow_tracker.self_describing_json.SelfDescribingJson object at 0x0000025F49622A90>]}
[0m18:09:47.002401 [debug] [MainThread]: Flushing usage events
